[14408:26040:1023/102736.732:INFO:components\enterprise\browser\controller\chrome_browser_cloud_management_controller.cc:206] No machine level policy manager exists.
[14408:23716:1023/102737.077:WARNING:components\leveldb_proto\internal\leveldb_database.cc:125] Unable to open D:\band-auto-write\BandProgram\bin\Debug\chromedata\Default\shared_proto_db\metadata: IO error: D:\band-auto-write\BandProgram\bin\Debug\chromedata\Default\shared_proto_db\metadata/MANIFEST-000001: Unable to create sequential file (ChromeMethodBFE: 7::NewSequentialFile::1)
[14408:23420:1023/102737.082:WARNING:components\value_store\value_store_frontend.cc:47] Reading ahfgeienlihckogmohjhadlkjgocpleb.alarms from  failed: IO error: .../MANIFEST-000001: Unable to create sequential file (ChromeMethodBFE: 7::NewSequentialFile::1)
[14408:23716:1023/102737.087:WARNING:components\leveldb_proto\internal\leveldb_database.cc:125] Unable to open D:\band-auto-write\BandProgram\bin\Debug\chromedata\Default\shared_proto_db\metadata: IO error: D:\band-auto-write\BandProgram\bin\Debug\chromedata\Default\shared_proto_db\metadata/MANIFEST-000001: Unable to create sequential file (ChromeMethodBFE: 7::NewSequentialFile::1)
[14408:23420:1023/102737.092:WARNING:components\value_store\value_store_frontend.cc:47] Reading mhjfbmdgcfjbbpaeojofohoefgiehjai.alarms from  failed: IO error: .../MANIFEST-000001: Unable to create sequential file (ChromeMethodBFE: 7::NewSequentialFile::1)
[14408:23716:1023/102737.095:WARNING:components\leveldb_proto\internal\leveldb_database.cc:125] Unable to open D:\band-auto-write\BandProgram\bin\Debug\chromedata\Default\shared_proto_db\metadata: IO error: D:\band-auto-write\BandProgram\bin\Debug\chromedata\Default\shared_proto_db\metadata/MANIFEST-000001: Unable to create sequential file (ChromeMethodBFE: 7::NewSequentialFile::1)
[14408:23716:1023/102737.101:WARNING:components\leveldb_proto\internal\leveldb_database.cc:125] Unable to open D:\band-auto-write\BandProgram\bin\Debug\chromedata\Default\shared_proto_db\metadata: IO error: D:\band-auto-write\BandProgram\bin\Debug\chromedata\Default\shared_proto_db\metadata/MANIFEST-000001: Unable to create sequential file (ChromeMethodBFE: 7::NewSequentialFile::1)
[14408:26040:1023/102737.836:INFO:CONSOLE:0] "<meta name="apple-mobile-web-app-capable" content="yes"> is deprecated. Please include <meta name="mobile-web-app-capable" content="yes">", source: https://www.band.us/home (0)
[14408:26040:1023/102740.402:INFO:CONSOLE:0] "[DOM] Input elements should have autocomplete attributes (suggested: "new-password"): (More info: https://goo.gl/9p2vKq) %o", source: https://auth.band.us/phone_login/password?socket_token=EJJRG65BRkv2J1vtuU3Q&login_type= (0)
[14408:26040:1023/102744.286:ERROR:components\device_event_log\device_event_log_impl.cc:198] [10:27:44.287] USB: usb_service_win.cc:105 SetupDiGetDeviceProperty({{A45C254E-DF1C-4EFD-8020-67D146A850E0}, 6}) failed: 요소가 없습니다. (0x490)
[14408:21492:1023/102744.503:ERROR:google_apis\gcm\engine\registration_request.cc:291] Registration response error message: DEPRECATED_ENDPOINT
[14408:28264:1023/102744.559:WARNING:components\leveldb_proto\internal\leveldb_database.cc:125] Unable to open D:\band-auto-write\BandProgram\bin\Debug\chromedata\Default\AutofillStrikeDatabase: IO error: D:\band-auto-write\BandProgram\bin\Debug\chromedata\Default\AutofillStrikeDatabase/MANIFEST-000001: Unable to create sequential file (ChromeMethodBFE: 7::NewSequentialFile::1)
[14408:28264:1023/102744.566:WARNING:components\leveldb_proto\internal\leveldb_database.cc:125] Unable to open D:\band-auto-write\BandProgram\bin\Debug\chromedata\Default\BudgetDatabase: IO error: D:\band-auto-write\BandProgram\bin\Debug\chromedata\Default\BudgetDatabase/MANIFEST-000001: Unable to create sequential file (ChromeMethodBFE: 7::NewSequentialFile::1)
[14408:28264:1023/102744.572:WARNING:components\leveldb_proto\internal\leveldb_database.cc:125] Unable to open D:\band-auto-write\BandProgram\bin\Debug\chromedata\Default\Feature Engagement Tracker\AvailabilityDB: IO error: D:\band-auto-write\BandProgram\bin\Debug\chromedata\Default\Feature Engagement Tracker\AvailabilityDB/MANIFEST-000001: Unable to create sequential file (ChromeMethodBFE: 7::NewSequentialFile::1)
[14408:28264:1023/102744.578:WARNING:components\leveldb_proto\internal\leveldb_database.cc:125] Unable to open D:\band-auto-write\BandProgram\bin\Debug\chromedata\Default\Feature Engagement Tracker\EventDB: IO error: D:\band-auto-write\BandProgram\bin\Debug\chromedata\Default\Feature Engagement Tracker\EventDB/MANIFEST-000001: Unable to create sequential file (ChromeMethodBFE: 7::NewSequentialFile::1)
[14408:28264:1023/102744.640:WARNING:components\leveldb_proto\internal\leveldb_database.cc:125] Unable to open D:\band-auto-write\BandProgram\bin\Debug\chromedata\Default\AutofillStrikeDatabase: IO error: D:\band-auto-write\BandProgram\bin\Debug\chromedata\Default\AutofillStrikeDatabase/MANIFEST-000001: Unable to create sequential file (ChromeMethodBFE: 7::NewSequentialFile::1)
[14408:28264:1023/102744.659:WARNING:components\leveldb_proto\internal\leveldb_database.cc:125] Unable to open D:\band-auto-write\BandProgram\bin\Debug\chromedata\Default\AutofillStrikeDatabase: IO error: D:\band-auto-write\BandProgram\bin\Debug\chromedata\Default\AutofillStrikeDatabase/MANIFEST-000001: Unable to create sequential file (ChromeMethodBFE: 7::NewSequentialFile::1)
[14408:28264:1023/102744.665:WARNING:components\leveldb_proto\internal\leveldb_database.cc:125] Unable to open D:\band-auto-write\BandProgram\bin\Debug\chromedata\Default\AutofillStrikeDatabase: IO error: D:\band-auto-write\BandProgram\bin\Debug\chromedata\Default\AutofillStrikeDatabase/MANIFEST-000001: Unable to create sequential file (ChromeMethodBFE: 7::NewSequentialFile::1)
[14408:21492:1023/102807.909:ERROR:google_apis\gcm\engine\registration_request.cc:291] Registration response error message: DEPRECATED_ENDPOINT
[14408:21492:1023/102906.942:ERROR:google_apis\gcm\engine\registration_request.cc:291] Registration response error message: QUOTA_EXCEEDED
[14408:26040:1023/124031.416:ERROR:components\device_event_log\device_event_log_impl.cc:198] [12:40:31.411] USB: usb_service_win.cc:308 SetupDiEnumDeviceInterfaces: 사용 가능한 데이터가 없습니다. (0x103)
